1730666924742:greet
1730666960977:addUser --name Alice
1730666972046:addUser z
1730666989174:addUser -N abc
1730667177405:greet
1730667187481:addUser -N Abc
1730667198543:addUser Abc
1730667228803:addUser x
1730667240883:findUser s
1730667254965:findUser(a)
1730667423267:addUser --name
1730667429284:addUser s
1730667441367:addUser -N asdsadsa
1730667447423:addUser --name Alice
1730667531503:greet
1730667575052:add f
1730667587113:finduser f
1730667592139:find
1730667635455:greet
1730667639453:adduser --name Alice
1730667644498:finduser Alice
1730667703461:greet
1730667710504:adduser --name Alice
1730667715537:finduser Alice
1730667720590:finduser Ali
